This is pdfTeX, Version 3.14159265-2.6-1.40.19 (MiKTeX 2.9.6630 64-bit) (preloaded format=pdflatex 2018.3.14)  2 APR 2018 22:58
entering extended mode
**./template.tex
(template.tex
LaTeX2e <2017-04-15>
Babel <3.18> and hyphenation patterns for 75 language(s) loaded.
(preamble.tex
("C:\Users\Administrator\AppData\Local\Programs\MiKTeX 2.9\tex\latex\base\book.
cls"
Document Class: book 2014/09/29 v1.4h Standard LaTeX document class

("C:\Users\Administrator\AppData\Local\Programs\MiKTeX 2.9\tex\latex\base\bk12.
clo"
File: bk12.clo 2014/09/29 v1.4h Standard LaTeX file (size option)
)
\c@part=\count79
\c@chapter=\count80
\c@section=\count81
\c@subsection=\count82
\c@subsubsection=\count83
\c@paragraph=\count84
\c@subparagraph=\count85
\c@figure=\count86
\c@table=\count87
\abovecaptionskip=\skip41
\belowcaptionskip=\skip42
\bibindent=\dimen102
)
("C:\Users\Administrator\AppData\Local\Programs\MiKTeX 2.9\tex\latex\graphics\g
raphicx.sty"
Package: graphicx 2017/06/01 v1.1a Enhanced LaTeX Graphics (DPC,SPQR)

("C:\Users\Administrator\AppData\Local\Programs\MiKTeX 2.9\tex\latex\graphics\k
eyval.sty"
Package: keyval 2014/10/28 v1.15 key=value parser (DPC)
\KV@toks@=\toks14
)
("C:\Users\Administrator\AppData\Local\Programs\MiKTeX 2.9\tex\latex\graphics\g
raphics.sty"
Package: graphics 2017/06/25 v1.2c Standard LaTeX Graphics (DPC,SPQR)

("C:\Users\Administrator\AppData\Local\Programs\MiKTeX 2.9\tex\latex\graphics\t
rig.sty"
Package: trig 2016/01/03 v1.10 sin cos tan (DPC)
)
("C:\Users\Administrator\AppData\Local\Programs\MiKTeX 2.9\tex\latex\graphics-c
fg\graphics.cfg"
File: graphics.cfg 2016/06/04 v1.11 sample graphics configuration
)
Package graphics Info: Driver file: pdftex.def on input line 99.

("C:\Users\Administrator\AppData\Local\Programs\MiKTeX 2.9\tex\latex\graphics-d
ef\pdftex.def"
File: pdftex.def 2018/01/08 v1.0l Graphics/color driver for pdftex
))
\Gin@req@height=\dimen103
\Gin@req@width=\dimen104
) (fancyhdr.sty
\fancy@headwidth=\skip43
\f@ncyO@elh=\skip44
\f@ncyO@erh=\skip45
\f@ncyO@olh=\skip46
\f@ncyO@orh=\skip47
\f@ncyO@elf=\skip48
\f@ncyO@erf=\skip49
\f@ncyO@olf=\skip50
\f@ncyO@orf=\skip51
)
("C:\Users\Administrator\AppData\Local\Programs\MiKTeX 2.9\tex\latex\amsmath\am
smath.sty"
Package: amsmath 2017/09/02 v2.17a AMS math features
\@mathmargin=\skip52

For additional information on amsmath, use the `?' option.

("C:\Users\Administrator\AppData\Local\Programs\MiKTeX 2.9\tex\latex\amsmath\am
stext.sty"
Package: amstext 2000/06/29 v2.01 AMS text

("C:\Users\Administrator\AppData\Local\Programs\MiKTeX 2.9\tex\latex\amsmath\am
sgen.sty"
File: amsgen.sty 1999/11/30 v2.0 generic functions
\@emptytoks=\toks15
\ex@=\dimen105
))
("C:\Users\Administrator\AppData\Local\Programs\MiKTeX 2.9\tex\latex\amsmath\am
sbsy.sty"
Package: amsbsy 1999/11/29 v1.2d Bold Symbols
\pmbraise@=\dimen106
)
("C:\Users\Administrator\AppData\Local\Programs\MiKTeX 2.9\tex\latex\amsmath\am
sopn.sty"
Package: amsopn 2016/03/08 v2.02 operator names
)
\inf@bad=\count88
LaTeX Info: Redefining \frac on input line 213.
\uproot@=\count89
\leftroot@=\count90
LaTeX Info: Redefining \overline on input line 375.
\classnum@=\count91
\DOTSCASE@=\count92
LaTeX Info: Redefining \ldots on input line 472.
LaTeX Info: Redefining \dots on input line 475.
LaTeX Info: Redefining \cdots on input line 596.
\Mathstrutbox@=\box26
\strutbox@=\box27
\big@size=\dimen107
LaTeX Font Info:    Redeclaring font encoding OML on input line 712.
LaTeX Font Info:    Redeclaring font encoding OMS on input line 713.
\macc@depth=\count93
\c@MaxMatrixCols=\count94
\dotsspace@=\muskip10
\c@parentequation=\count95
\dspbrk@lvl=\count96
\tag@help=\toks16
\row@=\count97
\column@=\count98
\maxfields@=\count99
\andhelp@=\toks17
\eqnshift@=\dimen108
\alignsep@=\dimen109
\tagshift@=\dimen110
\tagwidth@=\dimen111
\totwidth@=\dimen112
\lineht@=\dimen113
\@envbody=\toks18
\multlinegap=\skip53
\multlinetaggap=\skip54
\mathdisplay@stack=\toks19
LaTeX Info: Redefining \[ on input line 2817.
LaTeX Info: Redefining \] on input line 2818.
)
("C:\Users\Administrator\AppData\Local\Programs\MiKTeX 2.9\tex\latex\psnfss\tim
es.sty"
Package: times 2005/04/12 PSNFSS-v9.2a (SPQR) 
)
("C:\Users\Administrator\AppData\Local\Programs\MiKTeX 2.9\tex\latex\tools\enum
erate.sty"
Package: enumerate 2015/07/23 v3.00 enumerate extensions (DPC)
\@enLab=\toks20
)
("C:\Users\Administrator\AppData\Local\Programs\MiKTeX 2.9\tex\latex\amsfonts\a
mssymb.sty"
Package: amssymb 2013/01/14 v3.01 AMS font symbols

("C:\Users\Administrator\AppData\Local\Programs\MiKTeX 2.9\tex\latex\amsfonts\a
msfonts.sty"
Package: amsfonts 2013/01/14 v3.01 Basic AMSFonts support
\symAMSa=\mathgroup4
\symAMSb=\mathgroup5
LaTeX Font Info:    Overwriting math alphabet `\mathfrak' in version `bold'
(Font)                  U/euf/m/n --> U/euf/b/n on input line 106.
))
("C:\Users\Administrator\AppData\Local\Programs\MiKTeX 2.9\tex\latex\base\makei
dx.sty"
Package: makeidx 2014/09/29 v1.0m Standard LaTeX package
)
\@indexfile=\write3
\openout3 = `template.idx'.


Writing index file template.idx
) (template.aux

LaTeX Warning: Label `latexcompanion' multiply defined.


LaTeX Warning: Label `latexcompanion' multiply defined.


LaTeX Warning: Label `latexcompanion' multiply defined.


LaTeX Warning: Label `latexcompanion' multiply defined.


LaTeX Warning: Label `latexcompanion' multiply defined.


LaTeX Warning: Label `latexcompanion' multiply defined.


LaTeX Warning: Label `latexcompanion' multiply defined.


LaTeX Warning: Label `latexcompanion' multiply defined.


LaTeX Warning: Label `latexcompanion' multiply defined.


LaTeX Warning: Label `latexcompanion' multiply defined.


LaTeX Warning: Label `latexcompanion' multiply defined.

)
\openout1 = `template.aux'.

LaTeX Font Info:    Checking defaults for OML/cmm/m/it on input line 21.
LaTeX Font Info:    ... okay on input line 21.
LaTeX Font Info:    Checking defaults for T1/cmr/m/n on input line 21.
LaTeX Font Info:    ... okay on input line 21.
LaTeX Font Info:    Checking defaults for OT1/cmr/m/n on input line 21.
LaTeX Font Info:    ... okay on input line 21.
LaTeX Font Info:    Checking defaults for OMS/cmsy/m/n on input line 21.
LaTeX Font Info:    ... okay on input line 21.
LaTeX Font Info:    Checking defaults for OMX/cmex/m/n on input line 21.
LaTeX Font Info:    ... okay on input line 21.
LaTeX Font Info:    Checking defaults for U/cmr/m/n on input line 21.
LaTeX Font Info:    ... okay on input line 21.
LaTeX Font Info:    Try loading font information for OT1+ptm on input line 21.

("C:\Users\Administrator\AppData\Local\Programs\MiKTeX 2.9\tex\latex\psnfss\ot1
ptm.fd"
File: ot1ptm.fd 2001/06/04 font definitions for OT1/ptm.
)
("C:\Users\Administrator\AppData\Local\Programs\MiKTeX 2.9\tex\context\base\sup
p-pdf.mkii"
[Loading MPS to PDF converter (version 2006.09.02).]
\scratchcounter=\count100
\scratchdimen=\dimen114
\scratchbox=\box28
\nofMPsegments=\count101
\nofMParguments=\count102
\everyMPshowfont=\toks21
\MPscratchCnt=\count103
\MPscratchDim=\dimen115
\MPnumerator=\count104
\makeMPintoPDFobject=\count105
\everyMPtoPDFconversion=\toks22
)
("C:\Users\Administrator\AppData\Local\Programs\MiKTeX 2.9\tex\latex\oberdiek\e
pstopdf-base.sty"
Package: epstopdf-base 2016/05/15 v2.6 Base part for package epstopdf

("C:\Users\Administrator\AppData\Local\Programs\MiKTeX 2.9\tex\generic\oberdiek
\infwarerr.sty"
Package: infwarerr 2016/05/16 v1.4 Providing info/warning/error messages (HO)
)
("C:\Users\Administrator\AppData\Local\Programs\MiKTeX 2.9\tex\latex\oberdiek\g
rfext.sty"
Package: grfext 2016/05/16 v1.2 Manage graphics extensions (HO)

("C:\Users\Administrator\AppData\Local\Programs\MiKTeX 2.9\tex\generic\oberdiek
\kvdefinekeys.sty"
Package: kvdefinekeys 2016/05/16 v1.4 Define keys (HO)

("C:\Users\Administrator\AppData\Local\Programs\MiKTeX 2.9\tex\generic\oberdiek
\ltxcmds.sty"
Package: ltxcmds 2016/05/16 v1.23 LaTeX kernel commands for general use (HO)
)))
("C:\Users\Administrator\AppData\Local\Programs\MiKTeX 2.9\tex\latex\oberdiek\k
voptions.sty"
Package: kvoptions 2016/05/16 v3.12 Key value format for package options (HO)

("C:\Users\Administrator\AppData\Local\Programs\MiKTeX 2.9\tex\generic\oberdiek
\kvsetkeys.sty"
Package: kvsetkeys 2016/05/16 v1.17 Key value parser (HO)

("C:\Users\Administrator\AppData\Local\Programs\MiKTeX 2.9\tex\generic\oberdiek
\etexcmds.sty"
Package: etexcmds 2016/05/16 v1.6 Avoid name clashes with e-TeX commands (HO)

("C:\Users\Administrator\AppData\Local\Programs\MiKTeX 2.9\tex\generic\oberdiek
\ifluatex.sty"
Package: ifluatex 2016/05/16 v1.4 Provides the ifluatex switch (HO)
Package ifluatex Info: LuaTeX not detected.
)
Package etexcmds Info: Could not find \expanded.
(etexcmds)             That can mean that you are not using pdfTeX 1.50 or
(etexcmds)             that some package has redefined \expanded.
(etexcmds)             In the latter case, load this package earlier.
)))
("C:\Users\Administrator\AppData\Local\Programs\MiKTeX 2.9\tex\generic\oberdiek
\pdftexcmds.sty"
Package: pdftexcmds 2018/01/21 v0.26 Utility functions of pdfTeX for LuaTeX (HO
)

("C:\Users\Administrator\AppData\Local\Programs\MiKTeX 2.9\tex\generic\oberdiek
\ifpdf.sty"
Package: ifpdf 2017/03/15 v3.2 Provides the ifpdf switch
)
Package pdftexcmds Info: LuaTeX not detected.
Package pdftexcmds Info: \pdf@primitive is available.
Package pdftexcmds Info: \pdf@ifprimitive is available.
Package pdftexcmds Info: \pdfdraftmode found.
)
Package epstopdf-base Info: Redefining graphics rule for `.eps' on input line 4
38.
Package grfext Info: Graphics extension search list:
(grfext)             [.pdf,.png,.jpg,.mps,.jpeg,.jbig2,.jb2,.PDF,.PNG,.JPG,.JPE
G,.JBIG2,.JB2,.eps]
(grfext)             \AppendGraphicsExtensions on input line 456.
) (frontmatter.tex (titlepage.tex
LaTeX Font Info:    Try loading font information for OT1+phv on input line 16.

("C:\Users\Administrator\AppData\Local\Programs\MiKTeX 2.9\tex\latex\psnfss\ot1
phv.fd"
File: ot1phv.fd 2001/06/04 scalable font definitions for OT1/phv.
)
LaTeX Font Info:    Font shape `OT1/phv/bx/n' in size <20.74> not available
(Font)              Font shape `OT1/phv/b/n' tried instead on input line 16.
LaTeX Font Info:    Font shape `OT1/phv/bx/n' in size <17.28> not available
(Font)              Font shape `OT1/phv/b/n' tried instead on input line 27.
<logo.png, id=1, 452.4403pt x 143.78719pt>
File: logo.png Graphic file (type png)
<use logo.png>
Package pdftex.def Info: logo.png  used on input line 44.
(pdftex.def)             Requested size: 195.0pt x 61.9699pt.
 [1


{C:/Users/Administrator/AppData/Local/MiKTeX/2.9/pdftex/config/pdftex.map} <./l
ogo.png>]) (declaration.tex
File: logo.png Graphic file (type png)
<use logo.png>
Package pdftex.def Info: logo.png  used on input line 8.
(pdftex.def)             Requested size: 195.0pt x 61.9699pt.
LaTeX Font Info:    Font shape `OT1/ptm/bx/n' in size <14.4> not available
(Font)              Font shape `OT1/ptm/b/n' tried instead on input line 13.
LaTeX Font Info:    Font shape `OT1/ptm/bx/n' in size <17.28> not available
(Font)              Font shape `OT1/ptm/b/n' tried instead on input line 15.
LaTeX Font Info:    Font shape `OT1/ptm/bx/n' in size <12> not available
(Font)              Font shape `OT1/ptm/b/n' tried instead on input line 23.

Underfull \hbox (badness 10000) in paragraph at lines 22--34

 []


Underfull \hbox (badness 10000) in paragraph at lines 40--42

 []

) (certificate.tex
File: logo.png Graphic file (type png)
<use logo.png>
Package pdftex.def Info: logo.png  used on input line 8.
(pdftex.def)             Requested size: 195.0pt x 61.9699pt.
 [1

]
Underfull \hbox (badness 10000) in paragraph at lines 22--37

 []

LaTeX Font Info:    Try loading font information for U+msa on input line 38.

("C:\Users\Administrator\AppData\Local\Programs\MiKTeX 2.9\tex\latex\amsfonts\u
msa.fd"
File: umsa.fd 2013/01/14 v3.01 AMS symbols A
)
LaTeX Font Info:    Try loading font information for U+msb on input line 38.

("C:\Users\Administrator\AppData\Local\Programs\MiKTeX 2.9\tex\latex\amsfonts\u
msb.fd"
File: umsb.fd 2013/01/14 v3.01 AMS symbols B
)
Overfull \hbox (3.53882pt too wide) in paragraph at lines 44--44
[]\OT1/ptm/m/n/12 Name:| 
 []


Overfull \hbox (3.53882pt too wide) in paragraph at lines 44--44
[]\OT1/ptm/m/n/12 Name:| 
 []


Overfull \hbox (3.53882pt too wide) in paragraph at lines 52--52
[]\OT1/ptm/m/n/12 Name:| 
 []


Overfull \hbox (3.53882pt too wide) in paragraph at lines 52--52
[]\OT1/ptm/m/n/12 Name:| 
 []


Overfull \hbox (56.33855pt too wide) in paragraph at lines 38--60
 [] 
 []

) [2] (acknowledgment.tex
LaTeX Font Info:    Font shape `OT1/ptm/bx/n' in size <24.88> not available
(Font)              Font shape `OT1/ptm/b/n' tried instead on input line 2.

Overfull \hbox (4.82014pt too wide) in paragraph at lines 6--14
\OT1/ptm/m/n/12 I would like to ex-press my grat-i-tude to my guide \OT1/ptm/b/
n/12 Prof. Sharath Ku-mar J\OT1/ptm/m/n/12 (Assistant
 []


Underfull \hbox (badness 10000) in paragraph at lines 6--14

 []

)

Package Fancyhdr Warning: \headheight is too small (12.0pt): 
 Make it at least 14.49998pt.
 We now make it that large for the rest of the document.
 This may cause the page layout to be inconsistent, however.

[3


]) [4


] (template.toc [5

])
\tf@toc=\write4
\openout4 = `template.toc'.

 [6] (template.lof [7

])
\tf@lof=\write5
\openout5 = `template.lof'.

 [8]
Chapter 1.

Underfull \hbox (badness 10000) in paragraph at lines 132--133

 []

Missing character: There is no â in font ptmr7t!
Missing character: There is no € in font ptmr7t!
Missing character: There is no ™ in font ptmr7t!
[1


]
Missing character: There is no â in font ptmr7t!
Missing character: There is no € in font ptmr7t!
Missing character: There is no ™ in font ptmr7t!
 [2] [3]
Chapter 2.
Missing character: There is no â in font ptmr7t!
Missing character: There is no € in font ptmr7t!
Missing character: There is no ™ in font ptmr7t!
[4

]
<architecture1.png, id=50, 632.3625pt x 373.395pt>
File: architecture1.png Graphic file (type png)
<use architecture1.png>
Package pdftex.def Info: architecture1.png  used on input line 176.
(pdftex.def)             Requested size: 412.57462pt x 256.0874pt.

Overfull \hbox (22.57462pt too wide) in paragraph at lines 175--181
 [] 
 []

[5]
<gantt_chart.png, id=54, 961.34157pt x 564.60938pt>
File: gantt_chart.png Graphic file (type png)
<use gantt_chart.png>
Package pdftex.def Info: gantt_chart.png  used on input line 185.
(pdftex.def)             Requested size: 384.1191pt x 241.84685pt.
 [6 <./architecture1.png>]
Missing character: There is no â in font ptmr7t!
Missing character: There is no € in font ptmr7t!
Missing character: There is no ™ in font ptmr7t!
Missing character: There is no â in font ptmr7t!
Missing character: There is no € in font ptmr7t!
Missing character: There is no ™ in font ptmr7t!
Missing character: There is no â in font ptmr7t!
Missing character: There is no € in font ptmr7t!
Missing character: There is no ™ in font ptmr7t!
Missing character: There is no Ã in font ptmr7t!
Missing character: There is no ¯ in font ptmr7t!
Missing character: There is no â in font ptmr7t!
Missing character: There is no € in font ptmr7t!
Missing character: There is no ™ in font ptmr7t!
Missing character: There is no â in font ptmr7t!
Missing character: There is no € in font ptmr7t!
Missing character: There is no ™ in font ptmr7t!

Overfull \hbox (6.96869pt too wide) in paragraph at lines 196--209
\OT1/ptm/m/n/12 Thus, au-thor had de-vel-oped an Au-to-matic MCQs Gen-er-a-tion
 Sys-tem for the Physics
 []


Overfull \hbox (0.53671pt too wide) in paragraph at lines 196--209
\OT1/ptm/m/n/12 do-main. Firstly, the knowl-edge base is cre-ated by pro-vid-in
g a link to the Wikipedia
 []


Overfull \hbox (3.40459pt too wide) in paragraph at lines 196--209
\OT1/ptm/m/n/12 Physics Cor-pus, which in-cludes a Physics dic-tio-nary us-ing 
the cor-pus and weighted
 []


Underfull \hbox (badness 10000) in paragraph at lines 196--209

 []


Underfull \hbox (badness 10000) in paragraph at lines 196--209

 []

[7 <./gantt_chart.png>] [8]
Missing character: There is no â in font ptmr7t!
Missing character: There is no € in font ptmr7t!
Missing character: There is no ™ in font ptmr7t!
Missing character: There is no â in font ptmr7t!
Missing character: There is no € in font ptmr7t!
Missing character: There is no ™ in font ptmr7t!
Missing character: There is no â in font ptmr7t!
Missing character: There is no € in font ptmr7t!
Missing character: There is no ™ in font ptmr7t!

Underfull \hbox (badness 10000) in paragraph at lines 211--212

 []

[9] [10]
Chapter 3.

Underfull \hbox (badness 10000) in paragraph at lines 216--217

 []

Missing character: There is no â in font ptmr7t!
Missing character: There is no € in font ptmr7t!
Missing character: There is no ” in font ptmr7t!

Underfull \hbox (badness 10000) in paragraph at lines 218--219

 []

<E-R_Diagram.png, id=72, 821.31844pt x 422.32782pt>
File: E-R_Diagram.png Graphic file (type png)
<use E-R_Diagram.png>
Package pdftex.def Info: E-R_Diagram.png  used on input line 224.
(pdftex.def)             Requested size: 384.10228pt x 241.85065pt.
[11

]
<dfd0.png, id=76, 527.72156pt x 258.9675pt>
File: dfd0.png Graphic file (type png)
<use dfd0.png>
Package pdftex.def Info: dfd0.png  used on input line 234.
(pdftex.def)             Requested size: 384.1062pt x 241.8607pt.
 [12 <./E-R_Diagram.png>]
<dfd1.png, id=81, 638.385pt x 361.35pt>
File: dfd1.png Graphic file (type png)
<use dfd1.png>
Package pdftex.def Info: dfd1.png  used on input line 243.
(pdftex.def)             Requested size: 384.11519pt x 241.84961pt.
 [13 <./dfd0.png>]
<dfd2.png, id=85, 503.63156pt x 268.75406pt>
File: dfd2.png Graphic file (type png)
<use dfd2.png>
Package pdftex.def Info: dfd2.png  used on input line 252.
(pdftex.def)             Requested size: 384.1088pt x 241.8477pt.
 [14 <./dfd1.png>]
<search_dfd.png, id=89, 584.93532pt x 327.47343pt>
File: search_dfd.png Graphic file (type png)
<use search_dfd.png>
Package pdftex.def Info: search_dfd.png  used on input line 261.
(pdftex.def)             Requested size: 384.12169pt x 241.84685pt.
 [15 <./dfd2.png>]
<activity.png, id=93, 482.55281pt x 422.32782pt>
File: activity.png Graphic file (type png)
<use activity.png>
Package pdftex.def Info: activity.png  used on input line 270.
(pdftex.def)             Requested size: 384.12834pt x 241.85065pt.
 [16 <./search_dfd.png>]
<sequence.png, id=98, 720.44156pt x 407.27156pt>
File: sequence.png Graphic file (type png)
<use sequence.png>
Package pdftex.def Info: sequence.png  used on input line 280.
(pdftex.def)             Requested size: 384.10776pt x 241.84796pt.
 [17 <./activity.png>]
<use_case.png, id=102, 450.9347pt x 408.02437pt>
File: use_case.png Graphic file (type png)
<use use_case.png>
Package pdftex.def Info: use_case.png  used on input line 289.
(pdftex.def)             Requested size: 384.12886pt x 241.85297pt.
 [18 <./sequence.png>]
<class_diagram.png, id=106, 679.03688pt x 406.51875pt>
File: class_diagram.png Graphic file (type png)
<use class_diagram.png>
Package pdftex.def Info: class_diagram.png  used on input line 298.
(pdftex.def)             Requested size: 384.11244pt x 241.84753pt.

[19 <./use_case.png>] [20 <./class_diagram.png>]
Chapter 4.
Missing character: There is no â in font ptmr7t!
Missing character: There is no € in font ptmr7t!
Missing character: There is no ™ in font ptmr7t!

Overfull \hbox (6.05632pt too wide) in paragraph at lines 309--310
\OT1/ptm/m/n/12 Adobe Dreamweaver is an IDE (in-te-grated de-vel-op-ment en-vi-
ron-ment). That means,
 []


Underfull \hbox (badness 10000) in paragraph at lines 309--310

 []

Missing character: There is no â in font ptmr7t!
Missing character: There is no € in font ptmr7t!
Missing character: There is no “ in font ptmr7t!

Underfull \hbox (badness 10000) in paragraph at lines 311--312

 []

[21

]
Underfull \hbox (badness 10000) in paragraph at lines 315--316

 []

Missing character: There is no â in font ptmr7t!
Missing character: There is no € in font ptmr7t!
Missing character: There is no ™ in font ptmr7t!
LaTeX Font Info:    Try loading font information for OT1+pcr on input line 319.


("C:\Users\Administrator\AppData\Local\Programs\MiKTeX 2.9\tex\latex\psnfss\ot1
pcr.fd"
File: ot1pcr.fd 2001/06/04 font definitions for OT1/pcr.
) [22]
Overfull \hbox (27.59982pt too wide) in paragraph at lines 385--385
[]\OT1/pcr/m/n/12 //document.getElementById(res).classList.remove('hidden');[] 

 []


Overfull \hbox (20.39983pt too wide) in paragraph at lines 385--385
[]\OT1/pcr/m/n/12 document.getElementById(res2).classList.remove('hidden');[] 
 []

[23]
Overfull \hbox (20.39983pt too wide) in paragraph at lines 385--385
[]\OT1/pcr/m/n/12 document.getElementById(cons).classList.remove('hidden');[] 
 []


Overfull \hbox (27.59982pt too wide) in paragraph at lines 385--385
[]\OT1/pcr/m/n/12 else if (charCode > 31&& (charCode < 48 || charCode > 57))[] 

 []

Missing character: There is no â in font ptmr7t!
Missing character: There is no € in font ptmr7t!
Missing character: There is no ˜ in font ptmr7t!
Missing character: There is no â in font ptmr7t!
Missing character: There is no € in font ptmr7t!
Missing character: There is no ™ in font ptmr7t!
Missing character: There is no â in font ptmr7t!
Missing character: There is no € in font ptmr7t!
Missing character: There is no ˜ in font ptmr7t!
Missing character: There is no â in font ptmr7t!
Missing character: There is no € in font ptmr7t!
Missing character: There is no ™ in font ptmr7t!
Missing character: There is no â in font ptmr7t!
Missing character: There is no € in font ptmr7t!
Missing character: There is no ˜ in font ptmr7t!
Missing character: There is no â in font ptmr7t!
Missing character: There is no € in font ptmr7t!
Missing character: There is no ™ in font ptmr7t!
Missing character: There is no â in font ptmr7t!
Missing character: There is no € in font ptmr7t!
Missing character: There is no ˜ in font ptmr7t!
Missing character: There is no â in font ptmr7t!
Missing character: There is no € in font ptmr7t!
Missing character: There is no ™ in font ptmr7t!

Underfull \hbox (badness 10000) in paragraph at lines 401--402

 []

[24]
<home_page.png, id=127, 1012.5328pt x 500.62032pt>
File: home_page.png Graphic file (type png)
<use home_page.png>
Package pdftex.def Info: home_page.png  used on input line 403.
(pdftex.def)             Requested size: 384.11757pt x 241.8457pt.
 [25 <./home_page.png>]
<practice_exam.png, id=131, 1020.06094pt x 500.62032pt>
File: practice_exam.png Graphic file (type png)
<use practice_exam.png>
Package pdftex.def Info: practice_exam.png  used on input line 416.
(pdftex.def)             Requested size: 384.10953pt x 241.8457pt.
 [26 <./practice_exam.png>]
<main_exam.png, id=135, 1017.04968pt x 500.62032pt>
File: main_exam.png Graphic file (type png)
<use main_exam.png>
Package pdftex.def Info: main_exam.png  used on input line 425.
(pdftex.def)             Requested size: 384.1085pt x 241.8457pt.
 [27 <./main_exam.png>]
<learn.png, id=139, 1014.03844pt x 499.11469pt>
File: learn.png Graphic file (type png)
<use learn.png>
Package pdftex.def Info: learn.png  used on input line 435.
(pdftex.def)             Requested size: 384.10077pt x 241.84946pt.

[28 <./learn.png>]
<search.png, id=145, 1027.58907pt x 497.60907pt>
File: search.png Graphic file (type png)
<use search.png>
Package pdftex.def Info: search.png  used on input line 444.
(pdftex.def)             Requested size: 384.10626pt x 241.84883pt.
 [29 <./search.png>]
<search1.png, id=149, 1018.55531pt x 502.12593pt>
File: search1.png Graphic file (type png)
<use search1.png>
Package pdftex.def Info: search1.png  used on input line 453.
(pdftex.def)             Requested size: 384.11763pt x 241.85284pt.
 [30 <./search1.png>]
<game.png, id=153, 1026.08344pt x 497.60907pt>
File: game.png Graphic file (type png)
<use game.png>
Package pdftex.def Info: game.png  used on input line 463.
(pdftex.def)             Requested size: 384.1071pt x 241.84883pt.
 [31 <./game.png>]
<game_page.png, id=157, 1027.58907pt x 497.60907pt>
File: game_page.png Graphic file (type png)
<use game_page.png>
Package pdftex.def Info: game_page.png  used on input line 473.
(pdftex.def)             Requested size: 384.10626pt x 241.84883pt.

[32 <./game_page.png>]
<result.png, id=161, 1028.34187pt x 578.16pt>
File: result.png Graphic file (type png)
<use result.png>
Package pdftex.def Info: result.png  used on input line 482.
(pdftex.def)             Requested size: 384.1209pt x 241.8463pt.
 [33 <./result.png>]
<solution.png, id=165, 1018.55531pt x 497.60907pt>
File: solution.png Graphic file (type png)
<use solution.png>
Package pdftex.def Info: solution.png  used on input line 491.
(pdftex.def)             Requested size: 384.11763pt x 241.84883pt.
 [34 <./solution.png>]
<history.png, id=170, 1027.58907pt x 500.62032pt>
File: history.png Graphic file (type png)
<use history.png>
Package pdftex.def Info: history.png  used on input line 500.
(pdftex.def)             Requested size: 384.10626pt x 241.8457pt.
 [35 <./history.png>]
<extension.png, id=174, 227.34938pt x 337.26pt>
File: extension.png Graphic file (type png)
<use extension.png>
Package pdftex.def Info: extension.png  used on input line 509.
(pdftex.def)             Requested size: 213.39969pt x 241.85439pt.
 [36 <./extension.png>]
<revision_notes.png, id=178, 1004.25188pt x 383.18156pt>
File: revision_notes.png Graphic file (type png)
<use revision_notes.png>
Package pdftex.def Info: revision_notes.png  used on input line 516.
(pdftex.def)             Requested size: 386.96762pt x 241.85002pt.
 [37 <./revision_notes.png>]
Underfull \hbox (badness 10000) in paragraph at lines 523--524

 []

<test-Case.png, id=182, 867.99281pt x 440.39531pt>
File: test-Case.png Graphic file (type png)
<use test-Case.png>
Package pdftex.def Info: test-Case.png  used on input line 525.
(pdftex.def)             Requested size: 386.96417pt x 241.84857pt.
[38 <./test-Case.png>]
Chapter 5.

Underfull \hbox (badness 10000) in paragraph at lines 533--534

 []

[39

]
Underfull \hbox (badness 10000) in paragraph at lines 544--545

 []

Missing character: There is no â in font ptmr7t!
Missing character: There is no € in font ptmr7t!
Missing character: There is no ™ in font ptmr7t!
<result1.png, id=189, 858.95906pt x 453.94594pt>
File: result1.png Graphic file (type png)
<use result1.png>
Package pdftex.def Info: result1.png  used on input line 548.
(pdftex.def)             Requested size: 384.11638pt x 384.11728pt.
[40] [41 <./result1.png>]
<analysis.png, id=197, 481.04718pt x 169.38281pt>
File: analysis.png Graphic file (type png)
<use analysis.png>
Package pdftex.def Info: analysis.png  used on input line 557.
(pdftex.def)             Requested size: 384.11893pt x 184.94925pt.
 [42 <./analysis.png>]
Chapter 6.
Missing character: There is no ï in font ptmr7t!
Missing character: There is no ¬ in font ptmr7t!
Missing character: There is no ƒ in font ptmr7t!

Underfull \hbox (badness 10000) in paragraph at lines 568--569

 []


Underfull \hbox (badness 10000) in paragraph at lines 570--571

 []

[43

]
Overfull \hbox (1.18346pt too wide) in paragraph at lines 580--581
\OT1/ptm/m/n/12 con-duct the lec-ture re-motely or have pre-planned ac-tiv-ity 
for stu-dents, which
 []

[44] [45

]
Overfull \hbox (5.99983pt too wide) in paragraph at lines 974--974
[]\OT1/pcr/m/n/12 <p align="left">exams answers can be viewed at the end.[] 
 []

[46]
Overfull \hbox (13.19983pt too wide) in paragraph at lines 974--974
[]\OT1/pcr/m/n/12 <select name="select" id="select" style="width: 150px;">[] 
 []


Overfull \hbox (5.99983pt too wide) in paragraph at lines 974--974
[]\OT1/pcr/m/n/12 <option name="tab" value ="all" onClick="show1();" >ALL[] 
 []

[47]
Overfull \hbox (5.99983pt too wide) in paragraph at lines 974--974
[]\OT1/pcr/m/n/12 <select id="doll" name="subject" style="width: 150px;">[] 
 []

[48]
Overfull \hbox (5.99983pt too wide) in paragraph at lines 974--974
[]\OT1/pcr/m/n/12 <select id="Complexity" name="Complexity" style="width:[] 
 []


Overfull \hbox (5.99983pt too wide) in paragraph at lines 974--974
[]\OT1/pcr/m/n/12 <center><br><br><a href="game3" style="text-decoration:[] 
 []

[49]
Overfull \hbox (13.19983pt too wide) in paragraph at lines 974--974
[]\OT1/pcr/m/n/12 <p>&copy; Copyright by <a href="http://www.ahaguru.com/"[] 
 []

[50]
Overfull \hbox (13.19983pt too wide) in paragraph at lines 974--974
[]\OT1/pcr/m/n/12 src="https://www.gstatic.com/charts/loader.js"></script>[] 
 []


Overfull \hbox (27.59982pt too wide) in paragraph at lines 974--974
[]\OT1/pcr/m/n/12 google.charts.load('current', {'packages':['corechart']});[] 

 []

[51] [52]
Overfull \hbox (5.99983pt too wide) in paragraph at lines 974--974
[]\OT1/pcr/m/n/12 document.getElementsByClassName("qButton")[0].className[] 
 []


Overfull \hbox (5.99983pt too wide) in paragraph at lines 974--974
[]\OT1/pcr/m/n/12 document.getElementsByClassName("current")[0].className[] 
 []


Overfull \hbox (5.99983pt too wide) in paragraph at lines 974--974
[]\OT1/pcr/m/n/12 document.getElementsByClassName("qButton")[i].className[] 
 []


Overfull \hbox (20.39983pt too wide) in paragraph at lines 974--974
[]\OT1/pcr/m/n/12 navs[1].style.display = i===numQuestions-1 ? 'none' : '';[] 
 []

[53]
Overfull \hbox (27.59982pt too wide) in paragraph at lines 974--974
[]\OT1/pcr/m/n/12 else if (charCode > 31&& (charCode < 48 || charCode > 57))[] 

 []

[54] [55]
Underfull \hbox (badness 10000) in paragraph at lines 977--978

 []

<aqg1.png, id=242, 672.26157pt x 321.45094pt>
File: aqg1.png Graphic file (type png)
<use aqg1.png>
Package pdftex.def Info: aqg1.png  used on input line 979.
(pdftex.def)             Requested size: 384.11627pt x 213.39922pt.
[56 <./aqg1.png>]
Underfull \hbox (badness 10000) in paragraph at lines 986--987

 []

<aqg2.png, id=247, 1027.58907pt x 410.2828pt>
File: aqg2.png Graphic file (type png)
<use aqg2.png>
Package pdftex.def Info: aqg2.png  used on input line 988.
(pdftex.def)             Requested size: 384.10626pt x 213.3921pt.
[57 <./aqg2.png>]
Overfull \hbox (34.79982pt too wide) in paragraph at lines 1056--1056
[]\OT1/pcr/m/n/12 # We are going to prepare the dictionary of parts-of-speech[]
 
 []


Overfull \hbox (56.39981pt too wide) in paragraph at lines 1056--1056
[]\OT1/pcr/m/n/12 insensitive_hippo = re.compile(re.escape(word), re.IGNORECASE
)[] 
 []


Overfull \hbox (41.99982pt too wide) in paragraph at lines 1056--1056
[]\OT1/pcr/m/n/12 return insensitive_hippo.sub('__________________', sentence)[
] 
 []


Overfull \hbox (13.19983pt too wide) in paragraph at lines 1056--1056
[]\OT1/pcr/m/n/12 # and if the proper noun is not found, it selects a noun[] 
 []

[58]
Overfull \hbox (13.19983pt too wide) in paragraph at lines 1056--1056
[]\OT1/pcr/m/n/12 (word, osentence, replaced) = removeWord(sentence, poss)[] 
 []

[59] [60

] [61] (template.aux)

LaTeX Warning: There were multiply-defined labels.

 ) 
Here is how much of TeX's memory you used:
 2853 strings out of 493305
 40632 string characters out of 3126322
 98047 words of memory out of 3000000
 6291 multiletter control sequences out of 15000+200000
 31769 words of font info for 64 fonts, out of 3000000 for 9000
 1141 hyphenation exceptions out of 8191
 41i,11n,47p,1181b,438s stack positions out of 5000i,500n,10000p,200000b,50000s
{C:/Users/Administrator/AppData/Local/Programs/MiKTeX 2.9/fonts/enc/dvips/bas
e/8r.enc}<C:/Users/Administrator/AppData/Local/Programs/MiKTeX 2.9/fonts/type1/
urw/courier/ucrr8a.pfb><C:/Users/Administrator/AppData/Local/Programs/MiKTeX 2.
9/fonts/type1/urw/helvetic/uhvb8a.pfb><C:/Users/Administrator/AppData/Local/Pro
grams/MiKTeX 2.9/fonts/type1/urw/helvetic/uhvr8a.pfb><C:/Users/Administrator/Ap
pData/Local/Programs/MiKTeX 2.9/fonts/type1/urw/times/utmb8a.pfb><C:/Users/Admi
nistrator/AppData/Local/Programs/MiKTeX 2.9/fonts/type1/urw/times/utmr8a.pfb><C
:/Users/Administrator/AppData/Local/Programs/MiKTeX 2.9/fonts/type1/urw/times/u
tmri8a.pfb>
Output written on template.pdf (70 pages, 5135685 bytes).
PDF statistics:
 288 PDF objects out of 1000 (max. 8388607)
 0 named destinations out of 1000 (max. 500000)
 151 words of extra memory for PDF output out of 10000 (max. 10000000)

